{"contracts/XmentoVault.sol":{"l":{"15":6,"22":0,"35":9,"39":3,"40":3,"41":3,"43":3,"69":2,"70":2,"71":2,"72":2,"73":2,"79":2,"81":2,"82":2,"83":2,"84":2,"87":2,"88":2,"90":2,"91":2,"93":2,"94":2,"97":2,"98":2,"106":2,"110":1,"111":1,"113":1,"114":1,"116":1,"117":1,"118":1,"121":1,"122":1,"123":1,"127":3,"128":3,"129":3,"130":3,"132":3,"133":3,"134":3,"136":3,"144":0,"145":0,"147":0,"148":0,"150":0,"151":0,"152":0},"path":"/home/ed/Documents/HACK/xmento.xyz/contracts/XmentoVault.sol","s":{"1":6,"2":0,"3":3,"4":3,"5":3,"6":2,"7":2,"8":2,"9":2,"10":2,"11":2,"12":2,"13":2,"14":2,"15":2,"16":2,"17":2,"18":2,"19":1,"20":1,"21":1,"22":1,"23":1,"24":1,"25":1,"26":3,"27":3,"28":3,"29":3,"30":0,"31":3,"32":0,"33":0,"34":0,"35":0,"36":0,"37":0},"b":{"1":[9,0],"2":[2,0],"3":[2,0],"4":[2,0],"5":[2,0],"6":[1,0],"7":[0,3],"8":[0,0]},"f":{"1":6,"2":6,"3":0,"4":2,"5":9,"6":3,"7":2,"8":2,"9":1,"10":3,"11":0},"fnMap":{"1":{"name":"constructor","line":12,"loc":{"start":{"line":12,"column":4},"end":{"line":12,"column":79}}},"2":{"name":"mint","line":14,"loc":{"start":{"line":14,"column":4},"end":{"line":16,"column":4}}},"3":{"name":"swap","line":21,"loc":{"start":{"line":21,"column":4},"end":{"line":23,"column":4}}},"4":{"name":"constructor","line":31,"loc":{"start":{"line":31,"column":4},"end":{"line":31,"column":39}}},"5":{"name":"updateAPY","line":34,"loc":{"start":{"line":34,"column":4},"end":{"line":36,"column":4}}},"6":{"name":"getAPYs","line":38,"loc":{"start":{"line":38,"column":4},"end":{"line":44,"column":4}}},"7":{"name":"constructor","line":67,"loc":{"start":{"line":65,"column":4},"end":{"line":74,"column":4}}},"8":{"name":"deposit","line":78,"loc":{"start":{"line":78,"column":4},"end":{"line":107,"column":4}}},"9":{"name":"rebalance","line":109,"loc":{"start":{"line":109,"column":4},"end":{"line":124,"column":4}}},"10":{"name":"getOptimalAllocation","line":126,"loc":{"start":{"line":126,"column":4},"end":{"line":141,"column":4}}},"11":{"name":"redeem","line":143,"loc":{"start":{"line":143,"column":4},"end":{"line":153,"column":4}}}},"statementMap":{"1":{"start":{"line":15,"column":8},"end":{"line":15,"column":24}},"2":{"start":{"line":22,"column":8},"end":{"line":22,"column":21}},"3":{"start":{"line":39,"column":8},"end":{"line":39,"column":62}},"4":{"start":{"line":40,"column":8},"end":{"line":40,"column":1433}},"5":{"start":{"line":43,"column":8},"end":{"line":43,"column":21}},"6":{"start":{"line":79,"column":8},"end":{"line":79,"column":64}},"7":{"start":{"line":81,"column":8},"end":{"line":81,"column":61}},"8":{"start":{"line":82,"column":8},"end":{"line":82,"column":63}},"9":{"start":{"line":83,"column":8},"end":{"line":83,"column":63}},"10":{"start":{"line":84,"column":8},"end":{"line":84,"column":64}},"11":{"start":{"line":87,"column":8},"end":{"line":87,"column":2760}},"12":{"start":{"line":88,"column":12},"end":{"line":88,"column":87}},"13":{"start":{"line":90,"column":8},"end":{"line":90,"column":2889}},"14":{"start":{"line":91,"column":12},"end":{"line":91,"column":87}},"15":{"start":{"line":93,"column":8},"end":{"line":93,"column":3018}},"16":{"start":{"line":94,"column":12},"end":{"line":94,"column":89}},"17":{"start":{"line":97,"column":8},"end":{"line":97,"column":29}},"18":{"start":{"line":106,"column":8},"end":{"line":106,"column":28}},"19":{"start":{"line":110,"column":8},"end":{"line":110,"column":58}},"20":{"start":{"line":111,"column":8},"end":{"line":111,"column":44}},"21":{"start":{"line":113,"column":8},"end":{"line":113,"column":61}},"22":{"start":{"line":114,"column":8},"end":{"line":114,"column":55}},"23":{"start":{"line":116,"column":8},"end":{"line":116,"column":57}},"24":{"start":{"line":117,"column":8},"end":{"line":117,"column":57}},"25":{"start":{"line":118,"column":8},"end":{"line":118,"column":58}},"26":{"start":{"line":127,"column":8},"end":{"line":127,"column":50}},"27":{"start":{"line":132,"column":8},"end":{"line":132,"column":54}},"28":{"start":{"line":133,"column":8},"end":{"line":133,"column":51}},"29":{"start":{"line":134,"column":8},"end":{"line":134,"column":52}},"30":{"start":{"line":134,"column":24},"end":{"line":134,"column":52}},"31":{"start":{"line":136,"column":8},"end":{"line":136,"column":4465}},"32":{"start":{"line":144,"column":8},"end":{"line":144,"column":58}},"33":{"start":{"line":145,"column":8},"end":{"line":145,"column":43}},"34":{"start":{"line":147,"column":8},"end":{"line":147,"column":16}},"35":{"start":{"line":150,"column":8},"end":{"line":150,"column":46}},"36":{"start":{"line":151,"column":8},"end":{"line":151,"column":46}},"37":{"start":{"line":152,"column":8},"end":{"line":152,"column":48}}},"branchMap":{"1":{"line":34,"type":"if","locations":[{"start":{"line":34,"column":63},"end":{"line":34,"column":63}},{"start":{"line":34,"column":63},"end":{"line":34,"column":63}}]},"2":{"line":79,"type":"if","locations":[{"start":{"line":79,"column":8},"end":{"line":79,"column":8}},{"start":{"line":79,"column":8},"end":{"line":79,"column":8}}]},"3":{"line":87,"type":"if","locations":[{"start":{"line":87,"column":8},"end":{"line":87,"column":8}},{"start":{"line":87,"column":8},"end":{"line":87,"column":8}}]},"4":{"line":90,"type":"if","locations":[{"start":{"line":90,"column":8},"end":{"line":90,"column":8}},{"start":{"line":90,"column":8},"end":{"line":90,"column":8}}]},"5":{"line":93,"type":"if","locations":[{"start":{"line":93,"column":8},"end":{"line":93,"column":8}},{"start":{"line":93,"column":8},"end":{"line":93,"column":8}}]},"6":{"line":110,"type":"if","locations":[{"start":{"line":110,"column":8},"end":{"line":110,"column":8}},{"start":{"line":110,"column":8},"end":{"line":110,"column":8}}]},"7":{"line":134,"type":"if","locations":[{"start":{"line":134,"column":8},"end":{"line":134,"column":8}},{"start":{"line":134,"column":8},"end":{"line":134,"column":8}}]},"8":{"line":144,"type":"if","locations":[{"start":{"line":144,"column":8},"end":{"line":144,"column":8}},{"start":{"line":144,"column":8},"end":{"line":144,"column":8}}]}}}}